  Camera.cpp
D:\OpenGL-Learn\opengl\blackhole_demo\Camera.cpp(106,12): warning C4244: “=”: 从“double”转换到“float”，可能丢失数据
D:\OpenGL-Learn\opengl\blackhole_demo\Camera.cpp(107,12): warning C4244: “=”: 从“double”转换到“float”，可能丢失数据
D:\OpenGL-Learn\opengl\blackhole_demo\Camera.cpp(112,17): warning C4244: “初始化”: 从“double”转换到“float”，可能丢失数据
D:\OpenGL-Learn\opengl\blackhole_demo\Camera.cpp(113,17): warning C4244: “初始化”: 从“double”转换到“float”，可能丢失数据
D:\OpenGL-Learn\opengl\blackhole_demo\Camera.cpp(115,11): warning C4244: “=”: 从“double”转换到“float”，可能丢失数据
D:\OpenGL-Learn\opengl\blackhole_demo\Camera.cpp(116,11): warning C4244: “=”: 从“double”转换到“float”，可能丢失数据
  ffimage.cpp
  main.cpp
  main0.cpp
D:\OpenGL-Learn\opengl\blackhole_demo\main0.cpp(174,1): error C2447: “{”: 缺少函数标题(是否是老式的形式表?)
  main1.cpp
  main2.cpp
  openGLFW.cpp
D:\OpenGL-Learn\opengl\blackhole_demo\openGLFW.cpp(103,50): warning C4305: “参数”: 从“double”到“float”截断
D:\OpenGL-Learn\opengl\blackhole_demo\openGLFW.cpp(104,50): warning C4305: “参数”: 从“double”到“float”截断
D:\OpenGL-Learn\opengl\blackhole_demo\openGLFW.cpp(111,50): warning C4305: “参数”: 从“double”到“float”截断
D:\OpenGL-Learn\opengl\blackhole_demo\openGLFW.cpp(112,50): warning C4305: “参数”: 从“double”到“float”截断
D:\OpenGL-Learn\opengl\blackhole_demo\openGLFW.cpp(119,50): warning C4305: “参数”: 从“double”到“float”截断
D:\OpenGL-Learn\opengl\blackhole_demo\openGLFW.cpp(120,50): warning C4305: “参数”: 从“double”到“float”截断
D:\OpenGL-Learn\opengl\blackhole_demo\openGLFW.cpp(127,50): warning C4305: “参数”: 从“double”到“float”截断
D:\OpenGL-Learn\opengl\blackhole_demo\openGLFW.cpp(128,50): warning C4305: “参数”: 从“double”到“float”截断
D:\OpenGL-Learn\opengl\blackhole_demo\openGLFW.cpp(136,46): warning C4305: “参数”: 从“double”到“float”截断
D:\OpenGL-Learn\opengl\blackhole_demo\openGLFW.cpp(137,46): warning C4305: “参数”: 从“double”到“float”截断
  Shader.cpp
  正在生成代码...
